android/app/build/intermediates/manifest_merge_blame_file/release/manifest-merger-blame-release-report.txt
1<?xml version="1.0" encoding="utf-8"?>
2<manifest xmlns:android="http://schemas.android.com/apk/res/android"
3    package="com.qrcodemobile"
4    android:versionCode="1"
5    android:versionName="1.0" >
6
7    <uses-sdk
8        android:minSdkVersion="16"
8-->src/main/AndroidManifest.xml
9        android:targetSdkVersion="28" />
9-->src/main/AndroidManifest.xml
10
11    <uses-permission android:name="android.permission.INTERNET" />
11-->src/main/AndroidManifest.xml:4:5-67
11-->src/main/AndroidManifest.xml:4:22-64
12    <uses-permission android:name="android.permission.CAMERA" />
12-->src/main/AndroidManifest.xml:5:5-65
12-->src/main/AndroidManifest.xml:5:22-62
13    <uses-permission android:name="android.permission.READ_EXTERNAL_STORAGE" />
13-->[:react-native-camera-kit] AndroidManifest.xml:12:5-80
13-->[:react-native-camera-kit] AndroidManifest.xml:12:22-77
14    <uses-permission android:name="android.permission.WRITE_EXTERNAL_STORAGE" />
14-->[:react-native-camera-kit] AndroidManifest.xml:13:5-81
14-->[:react-native-camera-kit] AndroidManifest.xml:13:22-78
15
16    <application
16-->src/main/AndroidManifest.xml:7:5-26:19
17        android:name="com.qrcodemobile.MainApplication"
17-->src/main/AndroidManifest.xml:8:7-38
18        android:allowBackup="false"
18-->src/main/AndroidManifest.xml:12:7-34
19        android:appComponentFactory="androidx.core.app.CoreComponentFactory"
19-->[androidx.core:core:1.0.1] AndroidManifest.xml:22:18-86
20        android:icon="@mipmap/ic_launcher"
20-->src/main/AndroidManifest.xml:10:7-41
21        android:label="@string/app_name"
21-->src/main/AndroidManifest.xml:9:7-39
22        android:roundIcon="@mipmap/ic_launcher_round"
22-->src/main/AndroidManifest.xml:11:7-52
23        android:theme="@style/AppTheme" >
23-->src/main/AndroidManifest.xml:13:7-38
24        <activity
24-->src/main/AndroidManifest.xml:14:7-24:18
25            android:name="com.qrcodemobile.MainActivity"
25-->src/main/AndroidManifest.xml:15:9-37
26            android:configChanges="keyboard|keyboardHidden|orientation|screenSize|uiMode"
26-->src/main/AndroidManifest.xml:17:9-86
27            android:label="@string/app_name"
27-->src/main/AndroidManifest.xml:16:9-41
28            android:launchMode="singleTask"
28-->src/main/AndroidManifest.xml:18:9-40
29            android:windowSoftInputMode="adjustResize" >
29-->src/main/AndroidManifest.xml:19:9-51
30            <intent-filter>
30-->src/main/AndroidManifest.xml:20:9-23:25
31                <action android:name="android.intent.action.MAIN" />
31-->src/main/AndroidManifest.xml:21:13-65
31-->src/main/AndroidManifest.xml:21:21-62
32
33                <category android:name="android.intent.category.LAUNCHER" />
33-->src/main/AndroidManifest.xml:22:13-73
33-->src/main/AndroidManifest.xml:22:23-70
34            </intent-filter>
35        </activity>
36        <activity android:name="com.facebook.react.devsupport.DevSettingsActivity" />
36-->src/main/AndroidManifest.xml:25:7-84
36-->src/main/AndroidManifest.xml:25:17-81
37    </application>
38
39</manifest>